2024/12/29 11:46:06 [warn] 1#1: the "listen ... http2" directive is deprecated, use the "http2" directive instead in /etc/nginx/conf.d/nginx.conf:15
2024/12/29 11:46:06 [warn] 1#1: the "listen ... http2" directive is deprecated, use the "http2" directive instead in /etc/nginx/conf.d/nginx.conf:16
2024/12/29 11:46:06 [warn] 1#1: "ssl_stapling" ignored, issuer certificate not found for certificate "/etc/ssl/certs/selfsigned.crt"
2024/12/29 11:46:06 [notice] 1#1: using the "epoll" event method
2024/12/29 11:46:06 [notice] 1#1: nginx/1.25.3
2024/12/29 11:46:06 [notice] 1#1: built by gcc 12.2.1 20220924 (Alpine 12.2.1_git20220924-r10) 
2024/12/29 11:46:06 [notice] 1#1: OS: Linux 6.8.0-51-generic
2024/12/29 11:46:06 [notice] 1#1: getrlimit(RLIMIT_NOFILE): 1048576:1048576
2024/12/29 11:46:06 [notice] 1#1: start worker processes
2024/12/29 11:46:06 [notice] 1#1: start worker process 20
2024/12/29 11:46:06 [notice] 1#1: start worker process 21
2024/12/29 11:46:06 [notice] 1#1: start worker process 22
2024/12/29 11:46:06 [notice] 1#1: start worker process 23
2024/12/29 11:46:06 [notice] 1#1: start worker process 24
2024/12/29 11:46:06 [notice] 1#1: start worker process 25
2024/12/29 11:46:06 [notice] 1#1: start worker process 26
2024/12/29 11:46:06 [notice] 1#1: start worker process 27
2024/12/29 11:46:06 [notice] 1#1: start worker process 28
2024/12/29 11:46:06 [notice] 1#1: start worker process 29
2024/12/29 11:46:06 [notice] 1#1: start worker process 30
2024/12/29 11:46:06 [notice] 1#1: start worker process 31
2024/12/29 11:46:43 [error] 22#22: *4 open() "/usr/share/nginx/html/favicon.ico" failed (2: No such file or directory), client: 172.22.0.1, server: , request: "GET /favicon.ico HTTP/2.0", host: "localhost", referrer: "https://localhost/"
2024/12/29 11:47:10 [error] 22#22: *4 open() "/usr/share/nginx/html/grafana" failed (2: No such file or directory), client: 172.22.0.1, server: , request: "GET /grafana HTTP/2.0", host: "localhost"
2024/12/29 11:47:19 [error] 22#22: *4 open() "/usr/share/nginx/html/3000" failed (2: No such file or directory), client: 172.22.0.1, server: , request: "GET /3000 HTTP/2.0", host: "localhost"
2024/12/29 23:21:05 [notice] 1#1: signal 3 (SIGQUIT) received, shutting down
2024/12/29 23:21:05 [notice] 24#24: gracefully shutting down
2024/12/29 23:21:05 [notice] 20#20: gracefully shutting down
2024/12/29 23:21:05 [notice] 28#28: gracefully shutting down
2024/12/29 23:21:05 [notice] 29#29: gracefully shutting down
2024/12/29 23:21:05 [notice] 27#27: gracefully shutting down
2024/12/29 23:21:05 [notice] 30#30: gracefully shutting down
2024/12/29 23:21:05 [notice] 31#31: gracefully shutting down
2024/12/29 23:21:05 [notice] 25#25: gracefully shutting down
2024/12/29 23:21:05 [notice] 23#23: gracefully shutting down
2024/12/29 23:21:05 [notice] 26#26: gracefully shutting down
2024/12/29 23:21:05 [notice] 30#30: exiting
2024/12/29 23:21:05 [notice] 22#22: gracefully shutting down
2024/12/29 23:21:05 [notice] 21#21: gracefully shutting down
2024/12/29 23:21:05 [notice] 24#24: exiting
2024/12/29 23:21:05 [notice] 31#31: exiting
2024/12/29 23:21:05 [notice] 28#28: exiting
2024/12/29 23:21:05 [notice] 27#27: exiting
2024/12/29 23:21:05 [notice] 29#29: exiting
2024/12/29 23:21:05 [notice] 22#22: exiting
2024/12/29 23:21:05 [notice] 23#23: exiting
2024/12/29 23:21:05 [notice] 25#25: exiting
2024/12/29 23:21:05 [notice] 20#20: exiting
2024/12/29 23:21:05 [notice] 21#21: exiting
2024/12/29 23:21:05 [notice] 24#24: exit
2024/12/29 23:21:05 [notice] 28#28: exit
2024/12/29 23:21:05 [notice] 30#30: exit
2024/12/29 23:21:05 [notice] 29#29: exit
2024/12/29 23:21:05 [notice] 26#26: exiting
2024/12/29 23:21:05 [notice] 31#31: exit
2024/12/29 23:21:05 [notice] 22#22: exit
2024/12/29 23:21:05 [notice] 27#27: exit
2024/12/29 23:21:05 [notice] 20#20: exit
2024/12/29 23:21:05 [notice] 21#21: exit
2024/12/29 23:21:05 [notice] 26#26: exit
2024/12/29 23:21:05 [notice] 23#23: exit
2024/12/29 23:21:05 [notice] 25#25: exit
2024/12/29 23:21:05 [notice] 1#1: signal 17 (SIGCHLD) received from 30
2024/12/29 23:21:05 [notice] 1#1: worker process 30 exited with code 0
2024/12/29 23:21:05 [notice] 1#1: worker process 20 exited with code 0
2024/12/29 23:21:05 [notice] 1#1: worker process 22 exited with code 0
2024/12/29 23:21:05 [notice] 1#1: worker process 21 exited with code 0
2024/12/29 23:21:05 [notice] 1#1: worker process 27 exited with code 0
2024/12/29 23:21:05 [notice] 1#1: signal 29 (SIGIO) received
2024/12/29 23:21:05 [notice] 1#1: signal 17 (SIGCHLD) received from 22
2024/12/29 23:21:05 [notice] 1#1: signal 17 (SIGCHLD) received from 26
2024/12/29 23:21:05 [notice] 1#1: worker process 26 exited with code 0
2024/12/29 23:21:05 [notice] 1#1: signal 29 (SIGIO) received
2024/12/29 23:21:05 [notice] 1#1: signal 17 (SIGCHLD) received from 28
2024/12/29 23:21:05 [notice] 1#1: worker process 28 exited with code 0
2024/12/29 23:21:05 [notice] 1#1: signal 29 (SIGIO) received
2024/12/29 23:21:05 [notice] 1#1: signal 17 (SIGCHLD) received from 29
2024/12/29 23:21:05 [notice] 1#1: worker process 29 exited with code 0
2024/12/29 23:21:05 [notice] 1#1: worker process 31 exited with code 0
2024/12/29 23:21:05 [notice] 1#1: signal 29 (SIGIO) received
2024/12/29 23:21:05 [notice] 1#1: signal 17 (SIGCHLD) received from 23
2024/12/29 23:21:05 [notice] 1#1: worker process 23 exited with code 0
2024/12/29 23:21:05 [notice] 1#1: signal 29 (SIGIO) received
2024/12/29 23:21:05 [notice] 1#1: signal 17 (SIGCHLD) received from 25
2024/12/29 23:21:05 [notice] 1#1: worker process 25 exited with code 0
2024/12/29 23:21:05 [notice] 1#1: signal 29 (SIGIO) received
2024/12/29 23:21:05 [notice] 1#1: signal 17 (SIGCHLD) received from 24
2024/12/29 23:21:05 [notice] 1#1: worker process 24 exited with code 0
2024/12/29 23:21:05 [notice] 1#1: exit
2024/12/30 08:05:46 [warn] 1#1: the "listen ... http2" directive is deprecated, use the "http2" directive instead in /etc/nginx/conf.d/nginx.conf:15
2024/12/30 08:05:46 [warn] 1#1: the "listen ... http2" directive is deprecated, use the "http2" directive instead in /etc/nginx/conf.d/nginx.conf:16
2024/12/30 08:05:46 [warn] 1#1: "ssl_stapling" ignored, issuer certificate not found for certificate "/etc/ssl/certs/selfsigned.crt"
2024/12/30 08:05:46 [notice] 1#1: using the "epoll" event method
2024/12/30 08:05:46 [notice] 1#1: nginx/1.25.3
2024/12/30 08:05:46 [notice] 1#1: built by gcc 12.2.1 20220924 (Alpine 12.2.1_git20220924-r10) 
2024/12/30 08:05:46 [notice] 1#1: OS: Linux 6.8.0-51-generic
2024/12/30 08:05:46 [notice] 1#1: getrlimit(RLIMIT_NOFILE): 1048576:1048576
2024/12/30 08:05:46 [notice] 1#1: start worker processes
2024/12/30 08:05:46 [notice] 1#1: start worker process 20
2024/12/30 08:05:46 [notice] 1#1: start worker process 21
2024/12/30 08:05:46 [notice] 1#1: start worker process 22
2024/12/30 08:05:46 [notice] 1#1: start worker process 23
2024/12/30 08:05:46 [notice] 1#1: start worker process 24
2024/12/30 08:05:46 [notice] 1#1: start worker process 25
2024/12/30 08:05:46 [notice] 1#1: start worker process 26
2024/12/30 08:05:46 [notice] 1#1: start worker process 27
2024/12/30 08:05:46 [notice] 1#1: start worker process 28
2024/12/30 08:05:46 [notice] 1#1: start worker process 29
2024/12/30 08:05:46 [notice] 1#1: start worker process 30
2024/12/30 08:05:46 [notice] 1#1: start worker process 31
2024/12/30 13:30:41 [notice] 1#1: signal 3 (SIGQUIT) received, shutting down
2024/12/30 13:30:41 [notice] 22#22: gracefully shutting down
2024/12/30 13:30:41 [notice] 22#22: exiting
2024/12/30 13:30:41 [notice] 20#20: gracefully shutting down
2024/12/30 13:30:41 [notice] 20#20: exiting
2024/12/30 13:30:41 [notice] 25#25: gracefully shutting down
2024/12/30 13:30:41 [notice] 22#22: exit
2024/12/30 13:30:41 [notice] 21#21: gracefully shutting down
2024/12/30 13:30:41 [notice] 21#21: exiting
2024/12/30 13:30:41 [notice] 25#25: exiting
2024/12/30 13:30:41 [notice] 21#21: exit
2024/12/30 13:30:41 [notice] 25#25: exit
2024/12/30 13:30:41 [notice] 28#28: gracefully shutting down
2024/12/30 13:30:41 [notice] 27#27: gracefully shutting down
2024/12/30 13:30:41 [notice] 31#31: gracefully shutting down
2024/12/30 13:30:41 [notice] 30#30: gracefully shutting down
2024/12/30 13:30:41 [notice] 28#28: exiting
2024/12/30 13:30:41 [notice] 27#27: exiting
2024/12/30 13:30:41 [notice] 31#31: exiting
2024/12/30 13:30:41 [notice] 30#30: exiting
2024/12/30 13:30:41 [notice] 29#29: gracefully shutting down
2024/12/30 13:30:41 [notice] 20#20: exit
2024/12/30 13:30:41 [notice] 29#29: exiting
2024/12/30 13:30:41 [notice] 31#31: exit
2024/12/30 13:30:41 [notice] 28#28: exit
2024/12/30 13:30:41 [notice] 30#30: exit
2024/12/30 13:30:41 [notice] 26#26: gracefully shutting down
2024/12/30 13:30:41 [notice] 26#26: exiting
2024/12/30 13:30:41 [notice] 27#27: exit
2024/12/30 13:30:41 [notice] 23#23: gracefully shutting down
2024/12/30 13:30:41 [notice] 23#23: exiting
2024/12/30 13:30:41 [notice] 26#26: exit
2024/12/30 13:30:41 [notice] 29#29: exit
2024/12/30 13:30:41 [notice] 23#23: exit
2024/12/30 13:30:41 [notice] 24#24: gracefully shutting down
2024/12/30 13:30:41 [notice] 24#24: exiting
2024/12/30 13:30:41 [notice] 24#24: exit
2024/12/30 13:30:41 [notice] 1#1: signal 17 (SIGCHLD) received from 22
2024/12/30 13:30:41 [notice] 1#1: worker process 22 exited with code 0
2024/12/30 13:30:41 [notice] 1#1: worker process 30 exited with code 0
2024/12/30 13:30:41 [notice] 1#1: signal 29 (SIGIO) received
2024/12/30 13:30:41 [notice] 1#1: signal 17 (SIGCHLD) received from 30
2024/12/30 13:30:41 [notice] 1#1: signal 17 (SIGCHLD) received from 20
2024/12/30 13:30:41 [notice] 1#1: worker process 20 exited with code 0
2024/12/30 13:30:41 [notice] 1#1: worker process 23 exited with code 0
2024/12/30 13:30:41 [notice] 1#1: worker process 25 exited with code 0
2024/12/30 13:30:41 [notice] 1#1: signal 29 (SIGIO) received
2024/12/30 13:30:41 [notice] 1#1: signal 17 (SIGCHLD) received from 23
2024/12/30 13:30:41 [notice] 1#1: worker process 21 exited with code 0
2024/12/30 13:30:41 [notice] 1#1: worker process 29 exited with code 0
2024/12/30 13:30:41 [notice] 1#1: signal 29 (SIGIO) received
2024/12/30 13:30:41 [notice] 1#1: signal 17 (SIGCHLD) received from 28
2024/12/30 13:30:41 [notice] 1#1: worker process 28 exited with code 0
2024/12/30 13:30:41 [notice] 1#1: signal 29 (SIGIO) received
2024/12/30 13:30:41 [notice] 1#1: signal 17 (SIGCHLD) received from 31
2024/12/30 13:30:41 [notice] 1#1: worker process 31 exited with code 0
2024/12/30 13:30:41 [notice] 1#1: signal 29 (SIGIO) received
2024/12/30 13:30:41 [notice] 1#1: signal 17 (SIGCHLD) received from 27
2024/12/30 13:30:41 [notice] 1#1: worker process 27 exited with code 0
2024/12/30 13:30:41 [notice] 1#1: signal 29 (SIGIO) received
2024/12/30 13:30:41 [notice] 1#1: signal 17 (SIGCHLD) received from 26
2024/12/30 13:30:41 [notice] 1#1: worker process 26 exited with code 0
2024/12/30 13:30:41 [notice] 1#1: signal 29 (SIGIO) received
2024/12/30 13:30:41 [notice] 1#1: signal 17 (SIGCHLD) received from 24
2024/12/30 13:30:41 [notice] 1#1: worker process 24 exited with code 0
2024/12/30 13:30:41 [notice] 1#1: exit
2024/12/30 13:30:53 [warn] 1#1: the "listen ... http2" directive is deprecated, use the "http2" directive instead in /etc/nginx/conf.d/nginx.conf:15
2024/12/30 13:30:53 [warn] 1#1: the "listen ... http2" directive is deprecated, use the "http2" directive instead in /etc/nginx/conf.d/nginx.conf:16
2024/12/30 13:30:53 [warn] 1#1: "ssl_stapling" ignored, issuer certificate not found for certificate "/etc/ssl/certs/selfsigned.crt"
2024/12/30 13:30:53 [notice] 1#1: using the "epoll" event method
2024/12/30 13:30:53 [notice] 1#1: nginx/1.25.3
2024/12/30 13:30:53 [notice] 1#1: built by gcc 12.2.1 20220924 (Alpine 12.2.1_git20220924-r10) 
2024/12/30 13:30:53 [notice] 1#1: OS: Linux 6.8.0-51-generic
2024/12/30 13:30:53 [notice] 1#1: getrlimit(RLIMIT_NOFILE): 1048576:1048576
2024/12/30 13:30:53 [notice] 1#1: start worker processes
2024/12/30 13:30:53 [notice] 1#1: start worker process 20
2024/12/30 13:30:53 [notice] 1#1: start worker process 21
2024/12/30 13:30:53 [notice] 1#1: start worker process 22
2024/12/30 13:30:53 [notice] 1#1: start worker process 23
2024/12/30 13:30:53 [notice] 1#1: start worker process 24
2024/12/30 13:30:53 [notice] 1#1: start worker process 25
2024/12/30 13:30:53 [notice] 1#1: start worker process 26
2024/12/30 13:30:53 [notice] 1#1: start worker process 27
2024/12/30 13:30:53 [notice] 1#1: start worker process 28
2024/12/30 13:30:53 [notice] 1#1: start worker process 29
2024/12/30 13:30:53 [notice] 1#1: start worker process 30
2024/12/30 13:30:53 [notice] 1#1: start worker process 31
2024/12/30 20:00:20 [notice] 1#1: signal 3 (SIGQUIT) received, shutting down
2024/12/30 20:00:20 [notice] 22#22: gracefully shutting down
2024/12/30 20:00:20 [notice] 23#23: gracefully shutting down
2024/12/30 20:00:20 [notice] 23#23: exiting
2024/12/30 20:00:20 [notice] 20#20: gracefully shutting down
2024/12/30 20:00:20 [notice] 22#22: exiting
2024/12/30 20:00:20 [notice] 24#24: gracefully shutting down
2024/12/30 20:00:20 [notice] 24#24: exiting
2024/12/30 20:00:20 [notice] 26#26: gracefully shutting down
2024/12/30 20:00:20 [notice] 21#21: gracefully shutting down
2024/12/30 20:00:20 [notice] 27#27: gracefully shutting down
2024/12/30 20:00:20 [notice] 25#25: gracefully shutting down
2024/12/30 20:00:20 [notice] 25#25: exiting
2024/12/30 20:00:20 [notice] 27#27: exiting
2024/12/30 20:00:20 [notice] 29#29: gracefully shutting down
2024/12/30 20:00:20 [notice] 29#29: exiting
2024/12/30 20:00:20 [notice] 26#26: exiting
2024/12/30 20:00:20 [notice] 28#28: gracefully shutting down
2024/12/30 20:00:20 [notice] 28#28: exiting
2024/12/30 20:00:20 [notice] 30#30: gracefully shutting down
2024/12/30 20:00:20 [notice] 30#30: exiting
2024/12/30 20:00:20 [notice] 31#31: gracefully shutting down
2024/12/30 20:00:20 [notice] 21#21: exiting
2024/12/30 20:00:20 [notice] 31#31: exiting
2024/12/30 20:00:20 [notice] 20#20: exiting
2024/12/30 20:00:20 [notice] 26#26: exit
2024/12/30 20:00:20 [notice] 24#24: exit
2024/12/30 20:00:20 [notice] 28#28: exit
2024/12/30 20:00:20 [notice] 25#25: exit
2024/12/30 20:00:20 [notice] 23#23: exit
2024/12/30 20:00:20 [notice] 21#21: exit
2024/12/30 20:00:20 [notice] 22#22: exit
2024/12/30 20:00:20 [notice] 31#31: exit
2024/12/30 20:00:20 [notice] 29#29: exit
2024/12/30 20:00:20 [notice] 27#27: exit
2024/12/30 20:00:20 [notice] 20#20: exit
2024/12/30 20:00:20 [notice] 30#30: exit
2024/12/30 20:00:20 [notice] 1#1: signal 17 (SIGCHLD) received from 30
2024/12/30 20:00:20 [notice] 1#1: worker process 25 exited with code 0
2024/12/30 20:00:20 [notice] 1#1: worker process 30 exited with code 0
2024/12/30 20:00:20 [notice] 1#1: signal 29 (SIGIO) received
2024/12/30 20:00:20 [notice] 1#1: signal 17 (SIGCHLD) received from 29
2024/12/30 20:00:20 [notice] 1#1: worker process 23 exited with code 0
2024/12/30 20:00:20 [notice] 1#1: worker process 26 exited with code 0
2024/12/30 20:00:20 [notice] 1#1: worker process 29 exited with code 0
2024/12/30 20:00:20 [notice] 1#1: worker process 31 exited with code 0
2024/12/30 20:00:20 [notice] 1#1: signal 29 (SIGIO) received
2024/12/30 20:00:20 [notice] 1#1: signal 17 (SIGCHLD) received from 28
2024/12/30 20:00:20 [notice] 1#1: worker process 20 exited with code 0
2024/12/30 20:00:20 [notice] 1#1: worker process 22 exited with code 0
2024/12/30 20:00:20 [notice] 1#1: worker process 24 exited with code 0
2024/12/30 20:00:20 [notice] 1#1: worker process 27 exited with code 0
2024/12/30 20:00:20 [notice] 1#1: worker process 28 exited with code 0
2024/12/30 20:00:20 [notice] 1#1: signal 29 (SIGIO) received
2024/12/30 20:00:20 [notice] 1#1: signal 17 (SIGCHLD) received from 21
2024/12/30 20:00:20 [notice] 1#1: worker process 21 exited with code 0
2024/12/30 20:00:20 [notice] 1#1: exit
2024/12/31 19:44:16 [warn] 1#1: the "listen ... http2" directive is deprecated, use the "http2" directive instead in /etc/nginx/conf.d/nginx.conf:15
2024/12/31 19:44:16 [warn] 1#1: the "listen ... http2" directive is deprecated, use the "http2" directive instead in /etc/nginx/conf.d/nginx.conf:16
2024/12/31 19:44:16 [warn] 1#1: "ssl_stapling" ignored, issuer certificate not found for certificate "/etc/ssl/certs/selfsigned.crt"
2024/12/31 19:44:16 [notice] 1#1: using the "epoll" event method
2024/12/31 19:44:16 [notice] 1#1: nginx/1.25.3
2024/12/31 19:44:16 [notice] 1#1: built by gcc 12.2.1 20220924 (Alpine 12.2.1_git20220924-r10) 
2024/12/31 19:44:16 [notice] 1#1: OS: Linux 6.8.0-51-generic
2024/12/31 19:44:16 [notice] 1#1: getrlimit(RLIMIT_NOFILE): 1048576:1048576
2024/12/31 19:44:16 [notice] 1#1: start worker processes
2024/12/31 19:44:16 [notice] 1#1: start worker process 20
2024/12/31 19:44:16 [notice] 1#1: start worker process 21
2024/12/31 19:44:16 [notice] 1#1: start worker process 22
2024/12/31 19:44:16 [notice] 1#1: start worker process 23
2024/12/31 19:44:16 [notice] 1#1: start worker process 24
2024/12/31 19:44:16 [notice] 1#1: start worker process 25
2024/12/31 19:44:16 [notice] 1#1: start worker process 26
2024/12/31 19:44:16 [notice] 1#1: start worker process 27
2024/12/31 19:44:16 [notice] 1#1: start worker process 28
2024/12/31 19:44:16 [notice] 1#1: start worker process 29
2024/12/31 19:44:16 [notice] 1#1: start worker process 30
2024/12/31 19:44:16 [notice] 1#1: start worker process 31
2025/01/01 02:43:17 [notice] 1#1: signal 3 (SIGQUIT) received, shutting down
2025/01/01 02:43:17 [notice] 20#20: gracefully shutting down
2025/01/01 02:43:17 [notice] 20#20: exiting
2025/01/01 02:43:17 [notice] 26#26: gracefully shutting down
2025/01/01 02:43:17 [notice] 26#26: exiting
2025/01/01 02:43:17 [notice] 22#22: gracefully shutting down
2025/01/01 02:43:17 [notice] 22#22: exiting
2025/01/01 02:43:17 [notice] 26#26: exit
2025/01/01 02:43:17 [notice] 22#22: exit
2025/01/01 02:43:17 [notice] 20#20: exit
2025/01/01 02:43:17 [notice] 30#30: gracefully shutting down
2025/01/01 02:43:17 [notice] 30#30: exiting
2025/01/01 02:43:17 [notice] 30#30: exit
2025/01/01 02:43:17 [notice] 23#23: gracefully shutting down
2025/01/01 02:43:17 [notice] 23#23: exiting
2025/01/01 02:43:17 [notice] 23#23: exit
2025/01/01 02:43:17 [notice] 21#21: gracefully shutting down
2025/01/01 02:43:17 [notice] 21#21: exiting
2025/01/01 02:43:17 [notice] 21#21: exit
2025/01/01 02:43:17 [notice] 24#24: gracefully shutting down
2025/01/01 02:43:17 [notice] 24#24: exiting
2025/01/01 02:43:17 [notice] 24#24: exit
2025/01/01 02:43:17 [notice] 29#29: gracefully shutting down
2025/01/01 02:43:17 [notice] 29#29: exiting
2025/01/01 02:43:17 [notice] 29#29: exit
2025/01/01 02:43:17 [notice] 25#25: gracefully shutting down
2025/01/01 02:43:17 [notice] 25#25: exiting
2025/01/01 02:43:17 [notice] 25#25: exit
2025/01/01 02:43:17 [notice] 1#1: signal 17 (SIGCHLD) received from 21
2025/01/01 02:43:17 [notice] 1#1: worker process 21 exited with code 0
2025/01/01 02:43:17 [notice] 1#1: signal 29 (SIGIO) received
2025/01/01 02:43:17 [notice] 31#31: gracefully shutting down
2025/01/01 02:43:17 [notice] 31#31: exiting
2025/01/01 02:43:17 [notice] 27#27: gracefully shutting down
2025/01/01 02:43:17 [notice] 28#28: gracefully shutting down
2025/01/01 02:43:17 [notice] 31#31: exit
2025/01/01 02:43:17 [notice] 28#28: exiting
2025/01/01 02:43:17 [notice] 1#1: signal 17 (SIGCHLD) received from 20
2025/01/01 02:43:17 [notice] 1#1: worker process 20 exited with code 0
2025/01/01 02:43:17 [notice] 1#1: signal 29 (SIGIO) received
2025/01/01 02:43:17 [notice] 27#27: exiting
2025/01/01 02:43:17 [notice] 27#27: exit
2025/01/01 02:43:17 [notice] 28#28: exit
2025/01/01 02:43:17 [notice] 1#1: signal 17 (SIGCHLD) received from 26
2025/01/01 02:43:17 [notice] 1#1: worker process 26 exited with code 0
2025/01/01 02:43:17 [notice] 1#1: signal 29 (SIGIO) received
2025/01/01 02:43:17 [notice] 1#1: signal 17 (SIGCHLD) received from 30
2025/01/01 02:43:17 [notice] 1#1: worker process 30 exited with code 0
2025/01/01 02:43:17 [notice] 1#1: signal 29 (SIGIO) received
2025/01/01 02:43:17 [notice] 1#1: signal 17 (SIGCHLD) received from 24
2025/01/01 02:43:17 [notice] 1#1: worker process 24 exited with code 0
2025/01/01 02:43:17 [notice] 1#1: signal 29 (SIGIO) received
2025/01/01 02:43:17 [notice] 1#1: signal 17 (SIGCHLD) received from 29
2025/01/01 02:43:17 [notice] 1#1: worker process 29 exited with code 0
2025/01/01 02:43:17 [notice] 1#1: signal 29 (SIGIO) received
2025/01/01 02:43:17 [notice] 1#1: signal 17 (SIGCHLD) received from 25
2025/01/01 02:43:17 [notice] 1#1: worker process 25 exited with code 0
2025/01/01 02:43:17 [notice] 1#1: signal 29 (SIGIO) received
2025/01/01 02:43:17 [notice] 1#1: signal 17 (SIGCHLD) received from 23
2025/01/01 02:43:17 [notice] 1#1: worker process 23 exited with code 0
2025/01/01 02:43:17 [notice] 1#1: signal 29 (SIGIO) received
2025/01/01 02:43:17 [notice] 1#1: signal 17 (SIGCHLD) received from 27
2025/01/01 02:43:17 [notice] 1#1: worker process 22 exited with code 0
2025/01/01 02:43:17 [notice] 1#1: worker process 27 exited with code 0
2025/01/01 02:43:17 [notice] 1#1: worker process 31 exited with code 0
2025/01/01 02:43:17 [notice] 1#1: signal 17 (SIGCHLD) received from 28
2025/01/01 02:43:17 [notice] 1#1: worker process 28 exited with code 0
2025/01/01 02:43:17 [notice] 1#1: exit
2025/01/01 15:04:39 [warn] 1#1: the "listen ... http2" directive is deprecated, use the "http2" directive instead in /etc/nginx/conf.d/nginx.conf:15
2025/01/01 15:04:39 [warn] 1#1: the "listen ... http2" directive is deprecated, use the "http2" directive instead in /etc/nginx/conf.d/nginx.conf:16
2025/01/01 15:04:39 [warn] 1#1: "ssl_stapling" ignored, issuer certificate not found for certificate "/etc/ssl/certs/selfsigned.crt"
2025/01/01 15:04:39 [notice] 1#1: using the "epoll" event method
2025/01/01 15:04:39 [notice] 1#1: nginx/1.25.3
2025/01/01 15:04:39 [notice] 1#1: built by gcc 12.2.1 20220924 (Alpine 12.2.1_git20220924-r10) 
2025/01/01 15:04:39 [notice] 1#1: OS: Linux 6.8.0-51-generic
2025/01/01 15:04:39 [notice] 1#1: getrlimit(RLIMIT_NOFILE): 1048576:1048576
2025/01/01 15:04:39 [notice] 1#1: start worker processes
2025/01/01 15:04:39 [notice] 1#1: start worker process 20
2025/01/01 15:04:39 [notice] 1#1: start worker process 21
2025/01/01 15:04:39 [notice] 1#1: start worker process 22
2025/01/01 15:04:39 [notice] 1#1: start worker process 23
2025/01/01 15:04:39 [notice] 1#1: start worker process 24
2025/01/01 15:04:39 [notice] 1#1: start worker process 25
2025/01/01 15:04:39 [notice] 1#1: start worker process 26
2025/01/01 15:04:39 [notice] 1#1: start worker process 27
2025/01/01 15:04:39 [notice] 1#1: start worker process 28
2025/01/01 15:04:39 [notice] 1#1: start worker process 29
2025/01/01 15:04:39 [notice] 1#1: start worker process 30
2025/01/01 15:04:39 [notice] 1#1: start worker process 31
2025/01/01 22:39:53 [notice] 1#1: signal 3 (SIGQUIT) received, shutting down
2025/01/01 22:39:53 [notice] 30#30: gracefully shutting down
2025/01/01 22:39:53 [notice] 20#20: gracefully shutting down
2025/01/01 22:39:53 [notice] 21#21: gracefully shutting down
2025/01/01 22:39:53 [notice] 30#30: exiting
2025/01/01 22:39:53 [notice] 20#20: exiting
2025/01/01 22:39:53 [notice] 21#21: exiting
2025/01/01 22:39:53 [notice] 20#20: exit
2025/01/01 22:39:53 [notice] 22#22: gracefully shutting down
2025/01/01 22:39:53 [notice] 22#22: exiting
2025/01/01 22:39:53 [notice] 30#30: exit
2025/01/01 22:39:53 [notice] 22#22: exit
2025/01/01 22:39:53 [notice] 29#29: gracefully shutting down
2025/01/01 22:39:53 [notice] 29#29: exiting
2025/01/01 22:39:53 [notice] 23#23: gracefully shutting down
2025/01/01 22:39:53 [notice] 23#23: exiting
2025/01/01 22:39:53 [notice] 24#24: gracefully shutting down
2025/01/01 22:39:53 [notice] 24#24: exiting
2025/01/01 22:39:53 [notice] 29#29: exit
2025/01/01 22:39:53 [notice] 23#23: exit
2025/01/01 22:39:53 [notice] 24#24: exit
2025/01/01 22:39:53 [notice] 25#25: gracefully shutting down
2025/01/01 22:39:53 [notice] 25#25: exiting
2025/01/01 22:39:53 [notice] 25#25: exit
2025/01/01 22:39:53 [notice] 21#21: exit
2025/01/01 22:39:53 [notice] 26#26: gracefully shutting down
2025/01/01 22:39:53 [notice] 27#27: gracefully shutting down
2025/01/01 22:39:53 [notice] 27#27: exiting
2025/01/01 22:39:53 [notice] 26#26: exiting
2025/01/01 22:39:53 [notice] 27#27: exit
2025/01/01 22:39:53 [notice] 26#26: exit
2025/01/01 22:39:53 [notice] 28#28: gracefully shutting down
2025/01/01 22:39:53 [notice] 28#28: exiting
2025/01/01 22:39:53 [notice] 28#28: exit
2025/01/01 22:39:53 [notice] 31#31: gracefully shutting down
2025/01/01 22:39:53 [notice] 31#31: exiting
2025/01/01 22:39:53 [notice] 31#31: exit
2025/01/01 22:39:53 [notice] 1#1: signal 17 (SIGCHLD) received from 22
2025/01/01 22:39:53 [notice] 1#1: worker process 22 exited with code 0
2025/01/01 22:39:53 [notice] 1#1: signal 29 (SIGIO) received
2025/01/01 22:39:53 [notice] 1#1: signal 17 (SIGCHLD) received from 25
2025/01/01 22:39:53 [notice] 1#1: worker process 25 exited with code 0
2025/01/01 22:39:53 [notice] 1#1: signal 29 (SIGIO) received
2025/01/01 22:39:53 [notice] 1#1: signal 17 (SIGCHLD) received from 20
2025/01/01 22:39:53 [notice] 1#1: worker process 20 exited with code 0
2025/01/01 22:39:53 [notice] 1#1: signal 29 (SIGIO) received
2025/01/01 22:39:53 [notice] 1#1: signal 17 (SIGCHLD) received from 24
2025/01/01 22:39:53 [notice] 1#1: worker process 24 exited with code 0
2025/01/01 22:39:53 [notice] 1#1: worker process 29 exited with code 0
2025/01/01 22:39:53 [notice] 1#1: signal 29 (SIGIO) received
2025/01/01 22:39:53 [notice] 1#1: signal 17 (SIGCHLD) received from 29
2025/01/01 22:39:53 [notice] 1#1: worker process 26 exited with code 0
2025/01/01 22:39:53 [notice] 1#1: signal 29 (SIGIO) received
2025/01/01 22:39:53 [notice] 1#1: signal 17 (SIGCHLD) received from 21
2025/01/01 22:39:53 [notice] 1#1: worker process 21 exited with code 0
2025/01/01 22:39:53 [notice] 1#1: worker process 28 exited with code 0
2025/01/01 22:39:53 [notice] 1#1: signal 29 (SIGIO) received
2025/01/01 22:39:53 [notice] 1#1: signal 17 (SIGCHLD) received from 30
2025/01/01 22:39:53 [notice] 1#1: worker process 30 exited with code 0
2025/01/01 22:39:53 [notice] 1#1: signal 29 (SIGIO) received
2025/01/01 22:39:53 [notice] 1#1: signal 17 (SIGCHLD) received from 23
2025/01/01 22:39:53 [notice] 1#1: worker process 23 exited with code 0
2025/01/01 22:39:53 [notice] 1#1: signal 29 (SIGIO) received
2025/01/01 22:39:53 [notice] 1#1: signal 17 (SIGCHLD) received from 27
2025/01/01 22:39:53 [notice] 1#1: worker process 27 exited with code 0
2025/01/01 22:39:53 [notice] 1#1: signal 29 (SIGIO) received
2025/01/01 22:39:53 [notice] 1#1: signal 17 (SIGCHLD) received from 31
2025/01/01 22:39:53 [notice] 1#1: worker process 31 exited with code 0
2025/01/01 22:39:53 [notice] 1#1: exit
2025/01/02 14:40:37 [warn] 1#1: the "listen ... http2" directive is deprecated, use the "http2" directive instead in /etc/nginx/conf.d/nginx.conf:15
2025/01/02 14:40:37 [warn] 1#1: the "listen ... http2" directive is deprecated, use the "http2" directive instead in /etc/nginx/conf.d/nginx.conf:16
2025/01/02 14:40:37 [warn] 1#1: "ssl_stapling" ignored, issuer certificate not found for certificate "/etc/ssl/certs/selfsigned.crt"
2025/01/02 14:40:37 [notice] 1#1: using the "epoll" event method
2025/01/02 14:40:37 [notice] 1#1: nginx/1.25.3
2025/01/02 14:40:37 [notice] 1#1: built by gcc 12.2.1 20220924 (Alpine 12.2.1_git20220924-r10) 
2025/01/02 14:40:37 [notice] 1#1: OS: Linux 6.8.0-51-generic
2025/01/02 14:40:37 [notice] 1#1: getrlimit(RLIMIT_NOFILE): 1048576:1048576
2025/01/02 14:40:37 [notice] 1#1: start worker processes
2025/01/02 14:40:37 [notice] 1#1: start worker process 20
2025/01/02 14:40:37 [notice] 1#1: start worker process 21
2025/01/02 14:40:37 [notice] 1#1: start worker process 22
2025/01/02 14:40:37 [notice] 1#1: start worker process 23
2025/01/02 14:40:37 [notice] 1#1: start worker process 24
2025/01/02 14:40:37 [notice] 1#1: start worker process 25
2025/01/02 14:40:37 [notice] 1#1: start worker process 26
2025/01/02 14:40:37 [notice] 1#1: start worker process 27
2025/01/02 14:40:37 [notice] 1#1: start worker process 28
2025/01/02 14:40:37 [notice] 1#1: start worker process 29
2025/01/02 14:40:37 [notice] 1#1: start worker process 30
2025/01/02 14:40:37 [notice] 1#1: start worker process 31
2025/01/02 19:17:59 [notice] 1#1: signal 3 (SIGQUIT) received, shutting down
2025/01/02 19:17:59 [notice] 22#22: gracefully shutting down
2025/01/02 19:17:59 [notice] 21#21: gracefully shutting down
2025/01/02 19:17:59 [notice] 25#25: gracefully shutting down
2025/01/02 19:17:59 [notice] 23#23: gracefully shutting down
2025/01/02 19:17:59 [notice] 24#24: gracefully shutting down
2025/01/02 19:17:59 [notice] 21#21: exiting
2025/01/02 19:17:59 [notice] 20#20: gracefully shutting down
2025/01/02 19:17:59 [notice] 31#31: gracefully shutting down
2025/01/02 19:17:59 [notice] 23#23: exiting
2025/01/02 19:17:59 [notice] 27#27: gracefully shutting down
2025/01/02 19:17:59 [notice] 26#26: gracefully shutting down
2025/01/02 19:17:59 [notice] 22#22: exiting
2025/01/02 19:17:59 [notice] 31#31: exiting
2025/01/02 19:17:59 [notice] 29#29: gracefully shutting down
2025/01/02 19:17:59 [notice] 26#26: exiting
2025/01/02 19:17:59 [notice] 29#29: exiting
2025/01/02 19:17:59 [notice] 20#20: exiting
2025/01/02 19:17:59 [notice] 24#24: exiting
2025/01/02 19:17:59 [notice] 25#25: exiting
2025/01/02 19:17:59 [notice] 21#21: exit
2025/01/02 19:17:59 [notice] 23#23: exit
2025/01/02 19:17:59 [notice] 22#22: exit
2025/01/02 19:17:59 [notice] 24#24: exit
2025/01/02 19:17:59 [notice] 28#28: gracefully shutting down
2025/01/02 19:17:59 [notice] 26#26: exit
2025/01/02 19:17:59 [notice] 28#28: exiting
2025/01/02 19:17:59 [notice] 31#31: exit
2025/01/02 19:17:59 [notice] 25#25: exit
2025/01/02 19:17:59 [notice] 20#20: exit
2025/01/02 19:17:59 [notice] 28#28: exit
2025/01/02 19:17:59 [notice] 29#29: exit
2025/01/02 19:17:59 [notice] 30#30: gracefully shutting down
2025/01/02 19:17:59 [notice] 30#30: exiting
2025/01/02 19:17:59 [notice] 30#30: exit
2025/01/02 19:17:59 [notice] 27#27: exiting
2025/01/02 19:17:59 [notice] 27#27: exit
2025/01/02 19:17:59 [notice] 1#1: signal 17 (SIGCHLD) received from 25
2025/01/02 19:17:59 [notice] 1#1: worker process 25 exited with code 0
2025/01/02 19:17:59 [notice] 1#1: signal 29 (SIGIO) received
2025/01/02 19:17:59 [notice] 1#1: signal 17 (SIGCHLD) received from 31
2025/01/02 19:17:59 [notice] 1#1: worker process 31 exited with code 0
2025/01/02 19:17:59 [notice] 1#1: signal 29 (SIGIO) received
2025/01/02 19:17:59 [notice] 1#1: signal 17 (SIGCHLD) received from 24
2025/01/02 19:17:59 [notice] 1#1: worker process 23 exited with code 0
2025/01/02 19:17:59 [notice] 1#1: worker process 24 exited with code 0
2025/01/02 19:17:59 [notice] 1#1: signal 29 (SIGIO) received
2025/01/02 19:17:59 [notice] 1#1: signal 17 (SIGCHLD) received from 29
2025/01/02 19:17:59 [notice] 1#1: worker process 29 exited with code 0
2025/01/02 19:17:59 [notice] 1#1: signal 29 (SIGIO) received
2025/01/02 19:17:59 [notice] 1#1: signal 17 (SIGCHLD) received from 21
2025/01/02 19:17:59 [notice] 1#1: worker process 21 exited with code 0
2025/01/02 19:17:59 [notice] 1#1: signal 29 (SIGIO) received
2025/01/02 19:17:59 [notice] 1#1: signal 17 (SIGCHLD) received from 20
2025/01/02 19:17:59 [notice] 1#1: worker process 20 exited with code 0
2025/01/02 19:17:59 [notice] 1#1: signal 29 (SIGIO) received
2025/01/02 19:17:59 [notice] 1#1: signal 17 (SIGCHLD) received from 28
2025/01/02 19:17:59 [notice] 1#1: worker process 22 exited with code 0
2025/01/02 19:17:59 [notice] 1#1: worker process 26 exited with code 0
2025/01/02 19:17:59 [notice] 1#1: worker process 27 exited with code 0
2025/01/02 19:17:59 [notice] 1#1: worker process 28 exited with code 0
2025/01/02 19:17:59 [notice] 1#1: signal 17 (SIGCHLD) received from 30
2025/01/02 19:17:59 [notice] 1#1: worker process 30 exited with code 0
2025/01/02 19:17:59 [notice] 1#1: signal 29 (SIGIO) received
2025/01/02 19:17:59 [notice] 1#1: exit
